<?xml version="1.0" encoding="UTF-8"?>
<testng-results ignored="0" total="1" passed="1" failed="0" skipped="0">
  <reporter-output>
  </reporter-output>
  <suite started-at="2022-05-20T16:12:05 EET" name="nopcommerce regression suite" finished-at="2022-05-20T16:12:11 EET" duration-ms="6028">
    <groups>
    </groups>
    <test started-at="2022-05-20T16:12:05 EET" name="Regression Test" finished-at="2022-05-20T16:12:11 EET" duration-ms="6028">
      <class name="BaseTest">
        <test-method is-config="true" signature="setUp(java.lang.String)[pri:0, instance:BaseTest@2ef3eef9]" started-at="2022-05-20T16:12:05 EET" name="setUp" finished-at="2022-05-20T16:12:10 EET" duration-ms="5371" status="PASS">
          <params>
            <param index="0">
              <value>
                <![CDATA[Chrome]]>
              </value>
            </param>
          </params>
          <reporter-output>
          </reporter-output>
        </test-method> <!-- setUp -->
        <test-method signature="testClick()[pri:0, instance:BaseTest@2ef3eef9]" started-at="2022-05-20T16:12:10 EET" name="testClick" finished-at="2022-05-20T16:12:10 EET" duration-ms="8" status="PASS">
          <reporter-output>
          </reporter-output>
        </test-method> <!-- testClick -->
        <test-method is-config="true" signature="tearDown()[pri:0, instance:BaseTest@2ef3eef9]" started-at="2022-05-20T16:12:10 EET" name="tearDown" finished-at="2022-05-20T16:12:11 EET" duration-ms="615" status="PASS">
          <reporter-output>
          </reporter-output>
        </test-method> <!-- tearDown -->
      </class> <!-- BaseTest -->
    </test> <!-- Regression Test -->
  </suite> <!-- nopcommerce regression suite -->
</testng-results>
